I just got home, finally!
Let me know when you're on your way.
Did you see the game last night?
Can you believe it's already October?
I'll be there in 10 minutes.
What’s the Wi-Fi password again?
Happy Friday! 🎉
Don't forget to bring the charger.
Are you still at the cafe?
Just landed. Talk soon!
What do you want for dinner?
Can we rain check on tonight?
Got any good podcast recommendations?
My phone's about to die 😬
Did you get the tickets?
Can you send me that link again?
I'm outside.
Sorry, running a bit late!
Let’s catch up this weekend.
Are we still on for 6 PM?
Got stuck in traffic. Be there soon.
Do you need anything from the store?
What's your favorite movie?
Can you call me when you're free?
I think I left my keys at your place.
Let's do brunch on Sunday?
How's your day going?
I can't make it tonight, sorry!
Can we push our meeting to 4?
What was the name of that restaurant?
I'm craving pizza, you?
Do you have plans this weekend?
Just finished that show—wow!
I found the perfect gift for you!
Forgot my headphones... RIP commute.
How’s work going?
You won’t believe what just happened!
Want to join for a walk?
The line is huge here.
Heading to the gym now.
I'll text you when I get there.
Good luck on your exam!
You free tonight for a quick call?
Where are we meeting again?
I can't stop laughing at this meme.
Should we order takeout?
Did you hear about the new update?
I’m exhausted today.
Let's plan a trip soon!
What's the plan for tomorrow?
Can you believe it’s raining again?
I'm in the mood for ice cream.
When do you get off work?
Missed your call—what’s up?
Found a new show we should watch!
Let's grab drinks later?
Have you seen my jacket?
Do you need help with that?
I’ll be offline for a bit.
Feeling under the weather today.
Can you pick me up at 7?
Did you finish that project?
Want to binge a series this weekend?
I forgot to send that email, oops.
How was your trip?
I’m thinking sushi for dinner.
Do you still have my book?
It's been forever since we talked!
Let’s try that new taco place!
Don't forget your umbrella.
Talk soon, gotta run!
