0|I just got home, finally!|86897c5b
1|Let me know when you're on your way.|450c770d
2|Did you see the game last night?|cc5dc275
3|Can you believe it's already October?|4f498157
4|I'll be there in 10 minutes.|8d3870de
5|What’s the Wi-Fi password again?|22a51027
6|Happy Friday! 🎉|214c1872
7|Don't forget to bring the charger.|d8309d92
8|Are you still at the cafe?|40d861b3
9|Just landed. Talk soon!|81299e25
10|What do you want for dinner?|a65b2a87
11|Can we rain check on tonight?|9cbff4b8
12|Got any good podcast recommendations?|6b55618d
13|My phone's about to die 😬|a3bb1a6f
14|Did you get the tickets?|8a51307a
15|Can you send me that link again?|0dd11d03
16|I'm outside.|d3319152
17|Sorry, running a bit late!|b080cc9c
18|Let’s catch up this weekend.|9911a309
19|Are we still on for 6 PM?|f89ee117
20|Got stuck in traffic. Be there soon.|379f85f5
21|Do you need anything from the store?|ddb0957b
22|What's your favorite movie?|3b60bb36
23|Can you call me when you're free?|e7ee3127
24|I think I left my keys at your place.|a7275c60
25|Let's do brunch on Sunday?|48d56c39
26|How's your day going?|be3c4e39
27|I can't make it tonight, sorry!|4f91a1eb
28|Can we push our meeting to 4?|397d02d5
29|What was the name of that restaurant?|0c89bb9d
30|I'm craving pizza, you?|7f98f588
31|Do you have plans this weekend?|29ec6205
32|Just finished that show—wow!|5b2f9a18
33|I found the perfect gift for you!|470c0f53
34|Forgot my headphones... RIP commute.|c0ed5f8e
35|How’s work going?|b278545d
36|You won’t believe what just happened!|ebc8ba11
37|Want to join for a walk?|24ba1d80
38|The line is huge here.|2d566dbc
39|Heading to the gym now.|39ce74c3
40|I'll text you when I get there.|1391512c
41|Good luck on your exam!|1c826f3b
42|You free tonight for a quick call?|eba090d8
43|Where are we meeting again?|c964138e
44|I can't stop laughing at this meme.|637ce470
45|Should we order takeout?|2a0eb7dd
46|Did you hear about the new update?|5f4d6f3a
47|I’m exhausted today.|3b6a899e
48|Let's plan a trip soon!|92df0487
49|What's the plan for tomorrow?|4bf855d2
50|Can you believe it’s raining again?|e02427e9
51|I'm in the mood for ice cream.|583363da
52|When do you get off work?|740a85eb
53|Missed your call—what’s up?|957f7301
54|Found a new show we should watch!|08d6f407
55|Let's grab drinks later?|ee8be65c
56|Have you seen my jacket?|83f3dea8
57|Do you need help with that?|48b119d3
58|I’ll be offline for a bit.|ffc6b974
59|Feeling under the weather today.|344b9c3b
60|Can you pick me up at 7?|b682db31
61|Did you finish that project?|f530f421
62|Want to binge a series this weekend?|f93e6bbe
63|I forgot to send that email, oops.|e655b577
64|How was your trip?|8bec15d4
65|I’m thinking sushi for dinner.|3d431522
66|Do you still have my book?|8e42901a
67|It's been forever since we talked!|cadc18b8
68|Let’s try that new taco place!|065a4f53
69|Don't forget your umbrella.|48428108
70|Talk soon, gotta run!|350a1682
